TN:
SF:src/logic/string-processes.ts
FN:1,singleOrPlural
FN:15,filenameSanitize
FN:32,trimFilenameExt
FNF:3
FNH:1
FNDA:4,singleOrPlural
FNDA:0,filenameSanitize
FNDA:0,trimFilenameExt
DA:1,1
DA:2,4
DA:3,1
DA:4,4
DA:5,3
DA:6,3
DA:7,3
DA:8,3
DA:9,0
DA:10,0
DA:11,0
DA:12,3
DA:13,4
DA:14,1
DA:15,1
DA:16,0
DA:17,0
DA:18,0
DA:19,0
DA:20,0
DA:21,0
DA:22,0
DA:23,0
DA:24,0
DA:25,0
DA:26,0
DA:27,0
DA:28,0
DA:29,0
DA:30,0
DA:31,1
DA:32,1
DA:33,0
DA:34,0
DA:35,0
DA:36,0
LF:36
LH:14
BRDA:1,0,0,4
BRDA:2,1,0,3
BRDA:2,2,0,1
BRDA:4,3,0,3
BRDA:8,4,0,0
BRF:5
BRH:4
end_of_record
